acl-libs-2.3.2-r1 x86_64 {acl} (LGPL-2.1-or-later AND GPL-2.0-or-later) [installed]
acpi-1.7-r7 x86_64 {acpi} (GPL-2.0-or-later) [installed]
acpi-doc-1.7-r7 x86_64 {acpi} (GPL-2.0-or-later) [installed]
alpine-base-3.21.3-r0 x86_64 {alpine-base} (MIT) [installed]
alpine-baselayout-3.6.8-r1 x86_64 {alpine-baselayout} (GPL-2.0-only) [installed]
alpine-baselayout-data-3.6.8-r1 x86_64 {alpine-baselayout} (GPL-2.0-only) [installed]
alpine-conf-3.19.2-r0 x86_64 {alpine-conf} (MIT) [installed]
alpine-keys-2.5-r0 x86_64 {alpine-keys} (MIT) [installed]
alpine-release-3.21.3-r0 x86_64 {alpine-base} (MIT) [installed]
apk-tools-2.14.6-r3 x86_64 {apk-tools} (GPL-2.0-only) [installed]
apk-tools-doc-2.14.6-r3 x86_64 {apk-tools} (GPL-2.0-only) [installed]
busybox-1.37.0-r12 x86_64 {busybox} (GPL-2.0-only) [installed]
busybox-binsh-1.37.0-r12 x86_64 {busybox} (GPL-2.0-only) [installed]
busybox-doc-1.37.0-r12 x86_64 {busybox} (GPL-2.0-only) [installed]
busybox-mdev-openrc-1.37.0-r12 x86_64 {busybox} (GPL-2.0-only) [installed]
busybox-openrc-1.37.0-r12 x86_64 {busybox} (GPL-2.0-only) [installed]
busybox-suid-1.37.0-r12 x86_64 {busybox} (GPL-2.0-only) [installed]
ca-certificates-bundle-20241121-r1 x86_64 {ca-certificates} (MPL-2.0 AND MIT) [installed]
cryptsetup-libs-2.7.5-r1 x86_64 {cryptsetup} (GPL-2.0-or-later WITH cryptsetup-OpenSSL-exception) [installed]
device-mapper-libs-2.03.29-r1 x86_64 {lvm2} (GPL-2.0-or-later AND LGPL-2.1-or-later AND BSD-2-Clause) [installed]
docs-0.2-r6 x86_64 {docs} (MIT) [installed]
DOCUMENTATION-20250221.100450 noarch {DOCUMENTATION} () [installed]
ifupdown-ng-0.12.1-r6 x86_64 {ifupdown-ng} (ISC) [installed]
ifupdown-ng-doc-0.12.1-r6 x86_64 {ifupdown-ng} (ISC) [installed]
json-c-0.18-r0 x86_64 {json-c} (MIT) [installed]
json-c-doc-0.18-r0 x86_64 {json-c} (MIT) [installed]
kmod-33-r2 x86_64 {kmod} (GPL-2.0-or-later) [installed]
kmod-doc-33-r2 x86_64 {kmod} (GPL-2.0-or-later) [installed]
kmod-libs-33-r2 x86_64 {kmod} (LGPL-2.1-or-later) [installed]
lddtree-1.27-r0 x86_64 {lddtree} (GPL-2.0-only) [installed]
libblkid-2.40.4-r0 x86_64 {util-linux} (LGPL-2.1-or-later) [installed]
libbsd-0.12.2-r0 x86_64 {libbsd} (BSD-3-Clause) [installed]
libbsd-doc-0.12.2-r0 x86_64 {libbsd} (BSD-3-Clause) [installed]
libburn-1.5.6-r0 x86_64 {libburn} (GPL-2.0-or-later) [installed]
libburn-doc-1.5.6-r0 x86_64 {libburn} (GPL-2.0-or-later) [installed]
libcap2-2.71-r0 x86_64 {libcap} (BSD-3-Clause OR GPL-2.0-only) [installed]
libcrypto3-3.3.3-r0 x86_64 {openssl} (Apache-2.0) [installed]
libeconf-0.6.3-r0 x86_64 {libeconf} (MIT) [installed]
libeconf-doc-0.6.3-r0 x86_64 {libeconf} (MIT) [installed]
libedit-20240808.3.1-r0 x86_64 {libedit} (BSD-3-Clause) [installed]
libedit-doc-20240808.3.1-r0 x86_64 {libedit} (BSD-3-Clause) [installed]
libice-1.1.1-r6 x86_64 {libice} (X11) [installed]
libice-doc-1.1.1-r6 x86_64 {libice} (X11) [installed]
libisoburn-1.5.6-r0 x86_64 {libisoburn} (GPL-2.0-or-later) [installed]
libisoburn-doc-1.5.6-r0 x86_64 {libisoburn} (GPL-2.0-or-later) [installed]
libisofs-1.5.6-r0 x86_64 {libisofs} (GPL-2.0-or-later) [installed]
libmd-1.1.0-r0 x86_64 {libmd} (BSD-3-Clause AND BSD-2-Clause AND ISC AND Beerware AND Public Domain) [installed]
libmd-doc-1.1.0-r0 x86_64 {libmd} (BSD-3-Clause AND BSD-2-Clause AND ISC AND Beerware AND Public Domain) [installed]
libncursesw-6.5_p20241006-r3 x86_64 {ncurses} (X11) [installed]
libsm-1.2.4-r4 x86_64 {libsm} (MIT) [installed]
libsm-doc-1.2.4-r4 x86_64 {libsm} (MIT) [installed]
libssl3-3.3.3-r0 x86_64 {openssl} (Apache-2.0) [installed]
libuuid-2.40.4-r0 x86_64 {util-linux} (BSD-3-Clause) [installed]
libx11-1.8.10-r0 x86_64 {libx11} (X11) [installed]
libx11-doc-1.8.10-r0 x86_64 {libx11} (X11) [installed]
libxau-1.0.11-r4 x86_64 {libxau} (MIT) [installed]
libxau-doc-1.0.11-r4 x86_64 {libxau} (MIT) [installed]
libxcb-1.16.1-r0 x86_64 {libxcb} (MIT) [installed]
libxcb-doc-1.16.1-r0 x86_64 {libxcb} (MIT) [installed]
libxdmcp-1.1.5-r1 x86_64 {libxdmcp} (MIT) [installed]
libxdmcp-doc-1.1.5-r1 x86_64 {libxdmcp} (MIT) [installed]
libxext-1.3.6-r2 x86_64 {libxext} (MIT) [installed]
libxext-doc-1.3.6-r2 x86_64 {libxext} (MIT) [installed]
libxmu-1.2.1-r0 x86_64 {libxmu} (MIT) [installed]
libxmu-doc-1.2.1-r0 x86_64 {libxmu} (MIT) [installed]
libxt-1.3.1-r0 x86_64 {libxt} (MIT) [installed]
libxt-doc-1.3.1-r0 x86_64 {libxt} (MIT) [installed]
linux-firmware-20241210-r0 x86_64 {linux-firmware} (custom) [installed]
linux-firmware-3com-20241210-r0 x86_64 {linux-firmware} (custom) [installed]
linux-firmware-acenic-20241210-r0 x86_64 {linux-firmware} (custom) [installed]
linux-firmware-adaptec-20241210-r0 x86_64 {linux-firmware} (custom) [installed]
linux-firmware-advansys-20241210-r0 x86_64 {linux-firmware} (custom) [installed]
linux-firmware-airoha-20241210-r0 x86_64 {linux-firmware} (custom) [installed]
linux-firmware-amd-20241210-r0 x86_64 {linux-firmware} (custom) [installed]
linux-firmware-amd-ucode-20241210-r0 x86_64 {linux-firmware} (custom) [installed]
linux-firmware-amdgpu-20241210-r0 x86_64 {linux-firmware} (custom) [installed]
linux-firmware-amdnpu-20241210-r0 x86_64 {linux-firmware} (custom) [installed]
linux-firmware-amdtee-20241210-r0 x86_64 {linux-firmware} (custom) [installed]
linux-firmware-amlogic-20241210-r0 x86_64 {linux-firmware} (custom) [installed]
linux-firmware-amphion-20241210-r0 x86_64 {linux-firmware} (custom) [installed]
linux-firmware-ar3k-20241210-r0 x86_64 {linux-firmware} (custom) [installed]
linux-firmware-arm-20241210-r0 x86_64 {linux-firmware} (custom) [installed]
linux-firmware-ath10k-20241210-r0 x86_64 {linux-firmware} (custom) [installed]
linux-firmware-ath11k-20241210-r0 x86_64 {linux-firmware} (custom) [installed]
linux-firmware-ath12k-20241210-r0 x86_64 {linux-firmware} (custom) [installed]
linux-firmware-ath6k-20241210-r0 x86_64 {linux-firmware} (custom) [installed]
linux-firmware-ath9k_htc-20241210-r0 x86_64 {linux-firmware} (custom) [installed]
linux-firmware-atmel-20241210-r0 x86_64 {linux-firmware} (custom) [installed]
linux-firmware-atusb-20241210-r0 x86_64 {linux-firmware} (custom) [installed]
linux-firmware-av7110-20241210-r0 x86_64 {linux-firmware} (custom) [installed]
linux-firmware-bnx2-20241210-r0 x86_64 {linux-firmware} (custom) [installed]
linux-firmware-bnx2x-20241210-r0 x86_64 {linux-firmware} (custom) [installed]
linux-firmware-brcm-20241210-r0 x86_64 {linux-firmware} (custom) [installed]
linux-firmware-cadence-20241210-r0 x86_64 {linux-firmware} (custom) [installed]
linux-firmware-cavium-20241210-r0 x86_64 {linux-firmware} (custom) [installed]
linux-firmware-cirrus-20241210-r0 x86_64 {linux-firmware} (custom) [installed]
linux-firmware-cis-20241210-r0 x86_64 {linux-firmware} (custom) [installed]
linux-firmware-cnm-20241210-r0 x86_64 {linux-firmware} (custom) [installed]
linux-firmware-cpia2-20241210-r0 x86_64 {linux-firmware} (custom) [installed]
linux-firmware-cxgb3-20241210-r0 x86_64 {linux-firmware} (custom) [installed]
linux-firmware-cxgb4-20241210-r0 x86_64 {linux-firmware} (custom) [installed]
linux-firmware-cypress-20241210-r0 x86_64 {linux-firmware} (custom) [installed]
linux-firmware-dabusb-20241210-r0 x86_64 {linux-firmware} (custom) [installed]
linux-firmware-dpaa2-20241210-r0 x86_64 {linux-firmware} (custom) [installed]
linux-firmware-dsp56k-20241210-r0 x86_64 {linux-firmware} (custom) [installed]
linux-firmware-e100-20241210-r0 x86_64 {linux-firmware} (custom) [installed]
linux-firmware-edgeport-20241210-r0 x86_64 {linux-firmware} (custom) [installed]
linux-firmware-emi26-20241210-r0 x86_64 {linux-firmware} (custom) [installed]
linux-firmware-emi62-20241210-r0 x86_64 {linux-firmware} (custom) [installed]
linux-firmware-ene-ub6250-20241210-r0 x86_64 {linux-firmware} (custom) [installed]
linux-firmware-ess-20241210-r0 x86_64 {linux-firmware} (custom) [installed]
linux-firmware-go7007-20241210-r0 x86_64 {linux-firmware} (custom) [installed]
linux-firmware-i915-20241210-r0 x86_64 {linux-firmware} (custom) [installed]
linux-firmware-imx-20241210-r0 x86_64 {linux-firmware} (custom) [installed]
linux-firmware-inside-secure-20241210-r0 x86_64 {linux-firmware} (custom) [installed]
linux-firmware-intel-20241210-r0 x86_64 {linux-firmware} (custom) [installed]
linux-firmware-isci-20241210-r0 x86_64 {linux-firmware} (custom) [installed]
linux-firmware-ixp4xx-20241210-r0 x86_64 {linux-firmware} (custom) [installed]
linux-firmware-kaweth-20241210-r0 x86_64 {linux-firmware} (custom) [installed]
linux-firmware-keyspan-20241210-r0 x86_64 {linux-firmware} (custom) [installed]
linux-firmware-keyspan_pda-20241210-r0 x86_64 {linux-firmware} (custom) [installed]
linux-firmware-korg-20241210-r0 x86_64 {linux-firmware} (custom) [installed]
linux-firmware-libertas-20241210-r0 x86_64 {linux-firmware} (custom) [installed]
linux-firmware-liquidio-20241210-r0 x86_64 {linux-firmware} (custom) [installed]
linux-firmware-matrox-20241210-r0 x86_64 {linux-firmware} (custom) [installed]
linux-firmware-mediatek-20241210-r0 x86_64 {linux-firmware} (custom) [installed]
linux-firmware-mellanox-20241210-r0 x86_64 {linux-firmware} (custom) [installed]
linux-firmware-meson-20241210-r0 x86_64 {linux-firmware} (custom) [installed]
linux-firmware-microchip-20241210-r0 x86_64 {linux-firmware} (custom) [installed]
linux-firmware-moxa-20241210-r0 x86_64 {linux-firmware} (custom) [installed]
linux-firmware-mrvl-20241210-r0 x86_64 {linux-firmware} (custom) [installed]
linux-firmware-mwl8k-20241210-r0 x86_64 {linux-firmware} (custom) [installed]
linux-firmware-mwlwifi-20241210-r0 x86_64 {linux-firmware} (custom) [installed]
linux-firmware-myricom-20241210-r0 x86_64 {linux-firmware} (custom) [installed]
linux-firmware-netronome-20241210-r0 x86_64 {linux-firmware} (custom) [installed]
linux-firmware-nvidia-20241210-r0 x86_64 {linux-firmware} (custom) [installed]
linux-firmware-nxp-20241210-r0 x86_64 {linux-firmware} (custom) [installed]
linux-firmware-ositech-20241210-r0 x86_64 {linux-firmware} (custom) [installed]
linux-firmware-other-20241210-r0 x86_64 {linux-firmware} (custom) [installed]
linux-firmware-powervr-20241210-r0 x86_64 {linux-firmware} (custom) [installed]
linux-firmware-qca-20241210-r0 x86_64 {linux-firmware} (custom) [installed]
linux-firmware-qcom-20241210-r0 x86_64 {linux-firmware} (custom) [installed]
linux-firmware-qed-20241210-r0 x86_64 {linux-firmware} (custom) [installed]
linux-firmware-qlogic-20241210-r0 x86_64 {linux-firmware} (custom) [installed]
linux-firmware-r128-20241210-r0 x86_64 {linux-firmware} (custom) [installed]
linux-firmware-radeon-20241210-r0 x86_64 {linux-firmware} (custom) [installed]
linux-firmware-realtek-20241210-r0 x86_64 {linux-firmware} (custom) [installed]
linux-firmware-rockchip-20241210-r0 x86_64 {linux-firmware} (custom) [installed]
linux-firmware-rsi-20241210-r0 x86_64 {linux-firmware} (custom) [installed]
linux-firmware-rtl_bt-20241210-r0 x86_64 {linux-firmware} (custom) [installed]
linux-firmware-rtl_nic-20241210-r0 x86_64 {linux-firmware} (custom) [installed]
linux-firmware-rtlwifi-20241210-r0 x86_64 {linux-firmware} (custom) [installed]
linux-firmware-rtw88-20241210-r0 x86_64 {linux-firmware} (custom) [installed]
linux-firmware-rtw89-20241210-r0 x86_64 {linux-firmware} (custom) [installed]
linux-firmware-s5p-mfc-20241210-r0 x86_64 {linux-firmware} (custom) [installed]
linux-firmware-sb16-20241210-r0 x86_64 {linux-firmware} (custom) [installed]
linux-firmware-slicoss-20241210-r0 x86_64 {linux-firmware} (custom) [installed]
linux-firmware-sun-20241210-r0 x86_64 {linux-firmware} (custom) [installed]
linux-firmware-sxg-20241210-r0 x86_64 {linux-firmware} (custom) [installed]
linux-firmware-synaptics-20241210-r0 x86_64 {linux-firmware} (custom) [installed]
linux-firmware-tehuti-20241210-r0 x86_64 {linux-firmware} (custom) [installed]
linux-firmware-ti-20241210-r0 x86_64 {linux-firmware} (custom) [installed]
linux-firmware-ti-connectivity-20241210-r0 x86_64 {linux-firmware} (custom) [installed]
linux-firmware-ti-keystone-20241210-r0 x86_64 {linux-firmware} (custom) [installed]
linux-firmware-tigon-20241210-r0 x86_64 {linux-firmware} (custom) [installed]
linux-firmware-ttusb-budget-20241210-r0 x86_64 {linux-firmware} (custom) [installed]
linux-firmware-ueagle-atm-20241210-r0 x86_64 {linux-firmware} (custom) [installed]
linux-firmware-vicam-20241210-r0 x86_64 {linux-firmware} (custom) [installed]
linux-firmware-vxge-20241210-r0 x86_64 {linux-firmware} (custom) [installed]
linux-firmware-wfx-20241210-r0 x86_64 {linux-firmware} (custom) [installed]
linux-firmware-xe-20241210-r0 x86_64 {linux-firmware} (custom) [installed]
linux-firmware-yam-20241210-r0 x86_64 {linux-firmware} (custom) [installed]
linux-firmware-yamaha-20241210-r0 x86_64 {linux-firmware} (custom) [installed]
linux-lts-6.12.16-r0 x86_64 {linux-lts} (GPL-2.0-only) [installed]
linux-lts-doc-6.12.16-r0 x86_64 {linux-lts} (GPL-2.0-only) [installed]
lz4-libs-1.10.0-r0 x86_64 {lz4} (BSD-2-Clause AND GPL-2.0-or-later) [installed]
lzo-2.10-r5 x86_64 {lzo} (GPL-2.0-or-later) [installed]
lzo-doc-2.10-r5 x86_64 {lzo} (GPL-2.0-or-later) [installed]
man-pages-6.9.1-r0 x86_64 {man-pages} (GPL-2.0-or-later) [installed]
man-pages-posix-2017a-r0 x86_64 {man-pages-posix} (custom) [installed]
mandoc-1.14.6-r13 x86_64 {mandoc} (ISC) [installed]
mandoc-apropos-1.14.6-r13 x86_64 {mandoc} (ISC) [installed]
mandoc-doc-1.14.6-r13 x86_64 {mandoc} (ISC) [installed]
mdev-conf-4.7-r0 x86_64 {mdev-conf} (MIT) [installed]
mkinitfs-3.11.1-r0 x86_64 {mkinitfs} (GPL-2.0-only) [installed]
mkinitfs-doc-3.11.1-r0 x86_64 {mkinitfs} (GPL-2.0-only) [installed]
mksh-59c-r4 x86_64 {mksh} (MirOS AND Unicode-DFS-2016) [installed]
mksh-doc-59c-r4 x86_64 {mksh} (MirOS AND Unicode-DFS-2016) [installed]
musl-1.2.5-r9 x86_64 {musl} (MIT) [installed]
musl-utils-1.2.5-r9 x86_64 {musl} (MIT AND BSD-2-Clause AND GPL-2.0-or-later) [installed]
ncurses-terminfo-base-6.5_p20241006-r3 x86_64 {ncurses} (X11) [installed]
openrc-0.55.1-r2 x86_64 {openrc} (BSD-2-Clause) [installed]
openrc-doc-0.55.1-r2 x86_64 {openrc} (BSD-2-Clause) [installed]
scanelf-1.3.8-r1 x86_64 {pax-utils} (GPL-2.0-only) [installed]
squashfs-tools-4.6.1-r1 x86_64 {squashfs-tools} (GPL-2.0-or-later) [installed]
squashfs-tools-doc-4.6.1-r1 x86_64 {squashfs-tools} (GPL-2.0-or-later) [installed]
ssl_client-1.37.0-r12 x86_64 {busybox} (GPL-2.0-only) [installed]
vim-9.1.1105-r0 x86_64 {vim} (Vim) [installed]
vim-common-9.1.1105-r0 x86_64 {vim} (Vim) [installed]
vim-doc-9.1.1105-r0 x86_64 {vim} (Vim) [installed]
xclip-0.13-r3 x86_64 {xclip} (GPL-2.0-or-later) [installed]
xclip-doc-0.13-r3 x86_64 {xclip} (GPL-2.0-or-later) [installed]
xorriso-1.5.6-r0 x86_64 {libisoburn} (GPL-2.0-or-later) [installed]
xxd-9.1.1105-r0 x86_64 {vim} (Vim) [installed]
xz-libs-5.6.3-r0 x86_64 {xz} (GPL-2.0-or-later AND 0BSD AND Public-Domain AND LGPL-2.1-or-later) [installed]
zlib-1.3.1-r2 x86_64 {zlib} (Zlib) [installed]
zlib-doc-1.3.1-r2 x86_64 {zlib} (Zlib) [installed]
zstd-libs-1.5.6-r2 x86_64 {zstd} (BSD-3-Clause OR GPL-2.0-or-later) [installed]
