crw-rw-rw-    1 root     root        1,   3 Feb 21 20:24 null
crw-rw-rw-    1 root     root        1,   5 Feb 21 20:24 zero
crw-rw-rw-    1 root     root        1,   8 Feb 21 20:24 random
crw-rw-rw-    1 root     root        1,   9 Feb 21 20:24 urandom
crw-rw-rw-    1 root     root        1,   9 Feb 21 20:24 urandom
crw-------    1 root     root        5,   1 Feb 21 20:24 console
crw-rw-rw-    1 root     tty         5,   2 Feb 21 21:46 ptmx
crw-rw-rw-    1 root     tty         5,   0 Feb 21 21:46 tty
crw--w----    1 root     tty         4,   0 Feb 21 20:24 tty0
crw-------    1 root     root        4,   1 Feb 21 21:06 tty1
crw--w----    1 root     tty         4,  10 Feb 21 20:24 tty10
crw--w----    1 root     tty         4,  11 Feb 21 20:24 tty11
crw--w----    1 root     tty         4,  12 Feb 21 20:24 tty12
crw--w----    1 root     tty         4,  13 Feb 21 20:24 tty13
crw--w----    1 root     tty         4,  14 Feb 21 20:24 tty14
crw--w----    1 root     tty         4,  15 Feb 21 20:24 tty15
crw--w----    1 root     tty         4,  16 Feb 21 20:24 tty16
crw--w----    1 root     tty         4,  17 Feb 21 20:24 tty17
crw--w----    1 root     tty         4,  18 Feb 21 20:24 tty18
crw--w----    1 root     tty         4,  19 Feb 21 20:24 tty19
crw--w----    1 root     root        4,   2 Feb 21 20:24 tty2
crw--w----    1 root     tty         4,  20 Feb 21 20:24 tty20
crw--w----    1 root     tty         4,  21 Feb 21 20:24 tty21
crw--w----    1 root     tty         4,  22 Feb 21 20:24 tty22
crw--w----    1 root     tty         4,  23 Feb 21 20:24 tty23
crw--w----    1 root     tty         4,  24 Feb 21 20:24 tty24
crw--w----    1 root     tty         4,  25 Feb 21 20:24 tty25
crw--w----    1 root     tty         4,  26 Feb 21 20:24 tty26
crw--w----    1 root     tty         4,  27 Feb 21 20:24 tty27
crw--w----    1 root     tty         4,  28 Feb 21 20:24 tty28
crw--w----    1 root     tty         4,  29 Feb 21 20:24 tty29
crw--w----    1 root     root        4,   3 Feb 21 20:24 tty3
crw--w----    1 root     tty         4,  30 Feb 21 20:24 tty30
crw--w----    1 root     tty         4,  31 Feb 21 20:24 tty31
crw--w----    1 root     tty         4,  32 Feb 21 20:24 tty32
crw--w----    1 root     tty         4,  33 Feb 21 20:24 tty33
crw--w----    1 root     tty         4,  34 Feb 21 20:24 tty34
crw--w----    1 root     tty         4,  35 Feb 21 20:24 tty35
crw--w----    1 root     tty         4,  36 Feb 21 20:24 tty36
crw--w----    1 root     tty         4,  37 Feb 21 20:24 tty37
crw--w----    1 root     tty         4,  38 Feb 21 20:24 tty38
crw--w----    1 root     tty         4,  39 Feb 21 20:24 tty39
crw--w----    1 root     root        4,   4 Feb 21 20:24 tty4
crw--w----    1 root     tty         4,  40 Feb 21 20:24 tty40
crw--w----    1 root     tty         4,  41 Feb 21 20:24 tty41
crw--w----    1 root     tty         4,  42 Feb 21 20:24 tty42
crw--w----    1 root     tty         4,  43 Feb 21 20:24 tty43
crw--w----    1 root     tty         4,  44 Feb 21 20:24 tty44
crw--w----    1 root     tty         4,  45 Feb 21 20:24 tty45
crw--w----    1 root     tty         4,  46 Feb 21 20:24 tty46
crw--w----    1 root     tty         4,  47 Feb 21 20:24 tty47
crw--w----    1 root     tty         4,  48 Feb 21 20:24 tty48
crw--w----    1 root     tty         4,  49 Feb 21 20:24 tty49
crw--w----    1 root     root        4,   5 Feb 21 20:24 tty5
crw--w----    1 root     tty         4,  50 Feb 21 20:24 tty50
crw--w----    1 root     tty         4,  51 Feb 21 20:24 tty51
crw--w----    1 root     tty         4,  52 Feb 21 20:24 tty52
crw--w----    1 root     tty         4,  53 Feb 21 20:24 tty53
crw--w----    1 root     tty         4,  54 Feb 21 20:24 tty54
crw--w----    1 root     tty         4,  55 Feb 21 20:24 tty55
crw--w----    1 root     tty         4,  56 Feb 21 20:24 tty56
crw--w----    1 root     tty         4,  57 Feb 21 20:24 tty57
crw--w----    1 root     tty         4,  58 Feb 21 20:24 tty58
crw--w----    1 root     tty         4,  59 Feb 21 20:24 tty59
crw--w----    1 root     root        4,   6 Feb 21 20:24 tty6
crw--w----    1 root     tty         4,  60 Feb 21 20:24 tty60
crw--w----    1 root     tty         4,  61 Feb 21 20:24 tty61
crw--w----    1 root     tty         4,  62 Feb 21 20:24 tty62
crw--w----    1 root     tty         4,  63 Feb 21 20:24 tty63
crw--w----    1 root     tty         4,   7 Feb 21 20:24 tty7
crw--w----    1 root     tty         4,   8 Feb 21 20:24 tty8
crw--w----    1 root     tty         4,   9 Feb 21 20:24 tty9
crw-rw----    1 root     dialout     4,  64 Feb 21 20:24 ttyS0
crw-rw----    1 root     dialout     4,  65 Feb 21 20:24 ttyS1
crw-rw----    1 root     dialout     4,  66 Feb 21 20:24 ttyS2
crw-rw----    1 root     dialout     4,  67 Feb 21 20:24 ttyS3
crw-rw----    1 root     tty         7,   0 Feb 21 20:24 vcs
crw-rw----    1 root     tty         7,   1 Feb 21 20:24 vcs1
crw-rw----    1 root     tty         7,  10 Feb 21 20:24 vcs10
crw-rw----    1 root     tty         7,  11 Feb 21 20:24 vcs11
crw-rw----    1 root     tty         7,  12 Feb 21 20:24 vcs12
crw-rw----    1 root     tty         7,   2 Feb 21 20:24 vcs2
crw-rw----    1 root     tty         7,   3 Feb 21 20:24 vcs3
crw-rw----    1 root     tty         7,   4 Feb 21 20:24 vcs4
crw-rw----    1 root     tty         7,   5 Feb 21 20:24 vcs5
crw-rw----    1 root     tty         7,   6 Feb 21 20:24 vcs6
crw-rw----    1 root     tty         7,   7 Feb 21 20:24 vcs7
crw-rw----    1 root     tty         7,   8 Feb 21 20:24 vcs8
crw-rw----    1 root     tty         7,   9 Feb 21 20:24 vcs9
crw-rw----    1 root     tty         7, 128 Feb 21 20:24 vcsa
crw-rw----    1 root     tty         7, 129 Feb 21 20:24 vcsa1
crw-rw----    1 root     tty         7, 138 Feb 21 20:24 vcsa10
crw-rw----    1 root     tty         7, 139 Feb 21 20:24 vcsa11
crw-rw----    1 root     tty         7, 140 Feb 21 20:24 vcsa12
crw-rw----    1 root     tty         7, 130 Feb 21 20:24 vcsa2
crw-rw----    1 root     tty         7, 131 Feb 21 20:24 vcsa3
crw-rw----    1 root     tty         7, 132 Feb 21 20:24 vcsa4
crw-rw----    1 root     tty         7, 133 Feb 21 20:24 vcsa5
crw-rw----    1 root     tty         7, 134 Feb 21 20:24 vcsa6
crw-rw----    1 root     tty         7, 135 Feb 21 20:24 vcsa7
crw-rw----    1 root     tty         7, 136 Feb 21 20:24 vcsa8
crw-rw----    1 root     tty         7, 137 Feb 21 20:24 vcsa9
crw-rw----    1 root     tty         7,  64 Feb 21 20:24 vcsu
crw-rw----    1 root     tty         7,  65 Feb 21 20:24 vcsu1
crw-rw----    1 root     tty         7,  74 Feb 21 20:24 vcsu10
crw-rw----    1 root     tty         7,  75 Feb 21 20:24 vcsu11
crw-rw----    1 root     tty         7,  76 Feb 21 20:24 vcsu12
crw-rw----    1 root     tty         7,  66 Feb 21 20:24 vcsu2
crw-rw----    1 root     tty         7,  67 Feb 21 20:24 vcsu3
crw-rw----    1 root     tty         7,  68 Feb 21 20:24 vcsu4
crw-rw----    1 root     tty         7,  69 Feb 21 20:24 vcsu5
crw-rw----    1 root     tty         7,  70 Feb 21 20:24 vcsu6
crw-rw----    1 root     tty         7,  71 Feb 21 20:24 vcsu7
crw-rw----    1 root     tty         7,  72 Feb 21 20:24 vcsu8
crw-rw----    1 root     tty         7,  73 Feb 21 20:24 vcsu9
